<?xml version="1.0" encoding="UTF-8"?>
<testng-results skipped="0" failed="1" ignored="0" total="6" passed="5">
  <reporter-output>
  </reporter-output>
  <suite name="Default suite" duration-ms="69375" started-at="2020-06-23T15:14:19Z" finished-at="2020-06-23T15:15:29Z">
    <groups>
    </groups>
    <test name="Default test" duration-ms="69375" started-at="2020-06-23T15:14:19Z" finished-at="2020-06-23T15:15:29Z">
      <class name="com.Roicians.testcases.HomePageTest">
        <test-method status="PASS" signature="setup()[pri:0, instance:com.Roicians.testcases.HomePageTest@ec756bd]" name="setup" is-config="true" duration-ms="10089" started-at="2020-06-23T15:14:19Z" finished-at="2020-06-23T15:14:29Z">
          <reporter-output>
          </reporter-output>
        </test-method> <!-- setup -->
        <test-method status="PASS" signature="HomePageTitle()[pri:1, instance:com.Roicians.testcases.HomePageTest@ec756bd]" name="HomePageTitle" duration-ms="18" started-at="2020-06-23T15:14:29Z" finished-at="2020-06-23T15:14:29Z">
          <reporter-output>
          </reporter-output>
        </test-method> <!-- HomePageTitle -->
        <test-method status="PASS" signature="teardown()[pri:0, instance:com.Roicians.testcases.HomePageTest@ec756bd]" name="teardown" is-config="true" duration-ms="0" started-at="2020-06-23T15:14:29Z" finished-at="2020-06-23T15:14:29Z">
          <reporter-output>
          </reporter-output>
        </test-method> <!-- teardown -->
        <test-method status="PASS" signature="setup()[pri:0, instance:com.Roicians.testcases.HomePageTest@ec756bd]" name="setup" is-config="true" duration-ms="9380" started-at="2020-06-23T15:14:29Z" finished-at="2020-06-23T15:14:39Z">
          <reporter-output>
          </reporter-output>
        </test-method> <!-- setup -->
        <test-method status="PASS" signature="ClickAboutUsPage()[pri:2, instance:com.Roicians.testcases.HomePageTest@ec756bd]" name="ClickAboutUsPage" duration-ms="1895" started-at="2020-06-23T15:14:39Z" finished-at="2020-06-23T15:14:41Z">
          <reporter-output>
          </reporter-output>
        </test-method> <!-- ClickAboutUsPage -->
        <test-method status="PASS" signature="setup()[pri:0, instance:com.Roicians.testcases.HomePageTest@ec756bd]" name="setup" is-config="true" duration-ms="10135" started-at="2020-06-23T15:14:41Z" finished-at="2020-06-23T15:14:51Z">
          <reporter-output>
          </reporter-output>
        </test-method> <!-- setup -->
        <test-method status="PASS" signature="teardown()[pri:0, instance:com.Roicians.testcases.HomePageTest@ec756bd]" name="teardown" is-config="true" duration-ms="0" started-at="2020-06-23T15:14:41Z" finished-at="2020-06-23T15:14:41Z">
          <reporter-output>
          </reporter-output>
        </test-method> <!-- teardown -->
        <test-method status="FAIL" signature="ClickOnPhone()[pri:3, instance:com.Roicians.testcases.HomePageTest@ec756bd]" name="ClickOnPhone" duration-ms="1400" started-at="2020-06-23T15:14:51Z" finished-at="2020-06-23T15:14:52Z">
          <exception class="org.openqa.selenium.NoAlertPresentException">
            <message>
              <![CDATA[no such alert
  (Session info: chrome=83.0.4103.106)
Build info: version: '3.141.59', revision: 'e82be7d358', time: '2018-11-14T08:17:03'
System info: host: 'LAPTOP-4DPQMBAO', ip: '192.168.145.1', os.name: 'Windows 10', os.arch: 'amd64', os.version: '10.0', java.version: '1.8.0_241'
Driver info: org.openqa.selenium.chrome.ChromeDriver
Capabilities {acceptInsecureCerts: false, browserName: chrome, browserVersion: 83.0.4103.106, chrome: {chromedriverVersion: 83.0.4103.39 (ccbf011cb2d2b..., userDataDir: C:\Users\mehta\AppData\Loca...}, goog:chromeOptions: {debuggerAddress: localhost:52010}, javascriptEnabled: true, networkConnectionEnabled: false, pageLoadStrategy: normal, platform: WINDOWS, platformName: WINDOWS, proxy: Proxy(), setWindowRect: true, strictFileInteractability: false, timeouts: {implicit: 0, pageLoad: 300000, script: 30000}, unhandledPromptBehavior: dismiss and notify, webauthn:virtualAuthenticators: true}
Session ID: 0d009228d97a351c1e8d920f5a201658]]>
            </message>
            <full-stacktrace>
              <![CDATA[org.openqa.selenium.NoAlertPresentException: no such alert
  (Session info: chrome=83.0.4103.106)
Build info: version: '3.141.59', revision: 'e82be7d358', time: '2018-11-14T08:17:03'
System info: host: 'LAPTOP-4DPQMBAO', ip: '192.168.145.1', os.name: 'Windows 10', os.arch: 'amd64', os.version: '10.0', java.version: '1.8.0_241'
Driver info: org.openqa.selenium.chrome.ChromeDriver
Capabilities {acceptInsecureCerts: false, browserName: chrome, browserVersion: 83.0.4103.106, chrome: {chromedriverVersion: 83.0.4103.39 (ccbf011cb2d2b..., userDataDir: C:\Users\mehta\AppData\Loca...}, goog:chromeOptions: {debuggerAddress: localhost:52010}, javascriptEnabled: true, networkConnectionEnabled: false, pageLoadStrategy: normal, platform: WINDOWS, platformName: WINDOWS, proxy: Proxy(), setWindowRect: true, strictFileInteractability: false, timeouts: {implicit: 0, pageLoad: 300000, script: 30000}, unhandledPromptBehavior: dismiss and notify, webauthn:virtualAuthenticators: true}
Session ID: 0d009228d97a351c1e8d920f5a201658
at sun.reflect.NativeConstructorAccessorImpl.newInstance0(Native Method)
at sun.reflect.NativeConstructorAccessorImpl.newInstance(Unknown Source)
at sun.reflect.DelegatingConstructorAccessorImpl.newInstance(Unknown Source)
at java.lang.reflect.Constructor.newInstance(Unknown Source)
at org.openqa.selenium.remote.http.W3CHttpResponseCodec.createException(W3CHttpResponseCodec.java:187)
at org.openqa.selenium.remote.http.W3CHttpResponseCodec.decode(W3CHttpResponseCodec.java:122)
at org.openqa.selenium.remote.http.W3CHttpResponseCodec.decode(W3CHttpResponseCodec.java:49)
at org.openqa.selenium.remote.HttpCommandExecutor.execute(HttpCommandExecutor.java:158)
at org.openqa.selenium.remote.service.DriverCommandExecutor.execute(DriverCommandExecutor.java:83)
at org.openqa.selenium.remote.RemoteWebDriver.execute(RemoteWebDriver.java:552)
at org.openqa.selenium.remote.RemoteWebDriver.execute(RemoteWebDriver.java:609)
at org.openqa.selenium.remote.RemoteWebDriver$RemoteTargetLocator.alert(RemoteWebDriver.java:932)
at com.Roicians.pages.HomePage.clickPhoneNumber(HomePage.java:105)
at com.Roicians.testcases.HomePageTest.ClickOnPhone(HomePageTest.java:43)
at sun.reflect.NativeMethodAccessorImpl.invoke0(Native Method)
at sun.reflect.NativeMethodAccessorImpl.invoke(Unknown Source)
at sun.reflect.DelegatingMethodAccessorImpl.invoke(Unknown Source)
at java.lang.reflect.Method.invoke(Unknown Source)
at org.testng.internal.MethodInvocationHelper.invokeMethod(MethodInvocationHelper.java:124)
at org.testng.internal.Invoker.invokeMethod(Invoker.java:583)
at org.testng.internal.Invoker.invokeTestMethod(Invoker.java:719)
at org.testng.internal.Invoker.invokeTestMethods(Invoker.java:989)
at org.testng.internal.TestMethodWorker.invokeTestMethods(TestMethodWorker.java:125)
at org.testng.internal.TestMethodWorker.run(TestMethodWorker.java:109)
at org.testng.TestRunner.privateRun(TestRunner.java:648)
at org.testng.TestRunner.run(TestRunner.java:505)
at org.testng.SuiteRunner.runTest(SuiteRunner.java:455)
at org.testng.SuiteRunner.runSequentially(SuiteRunner.java:450)
at org.testng.SuiteRunner.privateRun(SuiteRunner.java:415)
at org.testng.SuiteRunner.run(SuiteRunner.java:364)
at org.testng.SuiteRunnerWorker.runSuite(SuiteRunnerWorker.java:52)
at org.testng.SuiteRunnerWorker.run(SuiteRunnerWorker.java:84)
at org.testng.TestNG.runSuitesSequentially(TestNG.java:1208)
at org.testng.TestNG.runSuitesLocally(TestNG.java:1137)
at org.testng.TestNG.runSuites(TestNG.java:1049)
at org.testng.TestNG.run(TestNG.java:1017)
at org.testng.remote.AbstractRemoteTestNG.run(AbstractRemoteTestNG.java:115)
at org.testng.remote.RemoteTestNG.initAndRun(RemoteTestNG.java:251)
at org.testng.remote.RemoteTestNG.main(RemoteTestNG.java:77)
]]>
            </full-stacktrace>
          </exception> <!-- org.openqa.selenium.NoAlertPresentException -->
          <reporter-output>
          </reporter-output>
        </test-method> <!-- ClickOnPhone -->
        <test-method status="PASS" signature="teardown()[pri:0, instance:com.Roicians.testcases.HomePageTest@ec756bd]" name="teardown" is-config="true" duration-ms="0" started-at="2020-06-23T15:14:52Z" finished-at="2020-06-23T15:14:52Z">
          <reporter-output>
          </reporter-output>
        </test-method> <!-- teardown -->
        <test-method status="PASS" signature="setup()[pri:0, instance:com.Roicians.testcases.HomePageTest@ec756bd]" name="setup" is-config="true" duration-ms="11706" started-at="2020-06-23T15:14:52Z" finished-at="2020-06-23T15:15:04Z">
          <reporter-output>
          </reporter-output>
        </test-method> <!-- setup -->
        <test-method status="PASS" signature="RoiciansLogo()[pri:4, instance:com.Roicians.testcases.HomePageTest@ec756bd]" name="RoiciansLogo" duration-ms="136" started-at="2020-06-23T15:15:04Z" finished-at="2020-06-23T15:15:04Z">
          <reporter-output>
          </reporter-output>
        </test-method> <!-- RoiciansLogo -->
        <test-method status="PASS" signature="teardown()[pri:0, instance:com.Roicians.testcases.HomePageTest@ec756bd]" name="teardown" is-config="true" duration-ms="0" started-at="2020-06-23T15:15:04Z" finished-at="2020-06-23T15:15:04Z">
          <reporter-output>
          </reporter-output>
        </test-method> <!-- teardown -->
        <test-method status="PASS" signature="setup()[pri:0, instance:com.Roicians.testcases.HomePageTest@ec756bd]" name="setup" is-config="true" duration-ms="10905" started-at="2020-06-23T15:15:04Z" finished-at="2020-06-23T15:15:15Z">
          <reporter-output>
          </reporter-output>
        </test-method> <!-- setup -->
        <test-method status="PASS" signature="ValidateServicePageLink()[pri:5, instance:com.Roicians.testcases.HomePageTest@ec756bd]" name="ValidateServicePageLink" duration-ms="1715" started-at="2020-06-23T15:15:15Z" finished-at="2020-06-23T15:15:17Z">
          <reporter-output>
          </reporter-output>
        </test-method> <!-- ValidateServicePageLink -->
        <test-method status="PASS" signature="teardown()[pri:0, instance:com.Roicians.testcases.HomePageTest@ec756bd]" name="teardown" is-config="true" duration-ms="0" started-at="2020-06-23T15:15:17Z" finished-at="2020-06-23T15:15:17Z">
          <reporter-output>
          </reporter-output>
        </test-method> <!-- teardown -->
        <test-method status="PASS" signature="setup()[pri:0, instance:com.Roicians.testcases.HomePageTest@ec756bd]" name="setup" is-config="true" duration-ms="10584" started-at="2020-06-23T15:15:17Z" finished-at="2020-06-23T15:15:27Z">
          <reporter-output>
          </reporter-output>
        </test-method> <!-- setup -->
        <test-method status="PASS" signature="ValidateTrainingPageLink()[pri:6, instance:com.Roicians.testcases.HomePageTest@ec756bd]" name="ValidateTrainingPageLink" duration-ms="1373" started-at="2020-06-23T15:15:27Z" finished-at="2020-06-23T15:15:29Z">
          <reporter-output>
          </reporter-output>
        </test-method> <!-- ValidateTrainingPageLink -->
        <test-method status="PASS" signature="teardown()[pri:0, instance:com.Roicians.testcases.HomePageTest@ec756bd]" name="teardown" is-config="true" duration-ms="0" started-at="2020-06-23T15:15:29Z" finished-at="2020-06-23T15:15:29Z">
          <reporter-output>
          </reporter-output>
        </test-method> <!-- teardown -->
      </class> <!-- com.Roicians.testcases.HomePageTest -->
    </test> <!-- Default test -->
  </suite> <!-- Default suite -->
</testng-results>
